<?xml version="1.0" encoding="UTF-8"?>
<!-- Generated by org.testng.reporters.JUnitReportReporter -->
<testsuite hostname="Deblenovo" failures="0" tests="9" name="com.qa.opencart.tests.HomePageTest" time="23.608" errors="0" timestamp="2025-03-10T12:38:05 CET" skipped="0">
  <testcase classname="com.qa.opencart.tests.HomePageTest" name="homepagetitletest" time="0.016"/>
  <testcase classname="com.qa.opencart.tests.HomePageTest" name="EditAccountLinkExistTest" time="0.118"/>
  <testcase classname="com.qa.opencart.tests.HomePageTest" name="searchTest" time="8.842"/>
  <testcase classname="com.qa.opencart.tests.HomePageTest" name="searchTest" time="3.900"/>
  <testcase classname="com.qa.opencart.tests.HomePageTest" name="searchTest" time="3.559"/>
  <testcase classname="com.qa.opencart.tests.HomePageTest" name="searchTest" time="3.502"/>
  <testcase classname="com.qa.opencart.tests.HomePageTest" name="searchTest" time="3.567"/>
  <testcase classname="com.qa.opencart.tests.HomePageTest" name="headerstest" time="0.089"/>
  <testcase classname="com.qa.opencart.tests.HomePageTest" name="homepageurltest" time="0.015"/>
</testsuite> <!-- com.qa.opencart.tests.HomePageTest -->
