<?xml version="1.0" encoding="UTF-8"?>
<!-- Generated by org.testng.reporters.JUnitReportReporter -->
<testsuite hostname="Deblenovo" failures="0" tests="4" name="com.qa.opencart.tests.ProductInfoPageTest" time="20.192" errors="0" timestamp="2025-03-17T07:53:40 CET" skipped="0">
  <testcase classname="com.qa.opencart.tests.ProductInfoPageTest" name="productImagesCountTest" time="4.934"/>
  <testcase classname="com.qa.opencart.tests.ProductInfoPageTest" name="productImagesCountTest" time="5.184"/>
  <testcase classname="com.qa.opencart.tests.ProductInfoPageTest" name="productImagesCountTest" time="5.036"/>
  <testcase classname="com.qa.opencart.tests.ProductInfoPageTest" name="productImagesCountTest" time="5.038"/>
</testsuite> <!-- com.qa.opencart.tests.ProductInfoPageTest -->
