<?xml version="1.0" encoding="UTF-8"?>
<!-- Generated by org.testng.reporters.JUnitReportReporter -->
<testsuite hostname="Deblenovo" failures="0" tests="4" name="com.qa.opencart.tests.LoginPageTest" time="4.633" errors="0" timestamp="2025-03-10T12:38:05 CET" skipped="0">
  <testcase classname="com.qa.opencart.tests.LoginPageTest" name="LoginPageURLTest" time="0.055"/>
  <testcase classname="com.qa.opencart.tests.LoginPageTest" name="LoginTitleTest" time="0.035"/>
  <testcase classname="com.qa.opencart.tests.LoginPageTest" name="forgotPwdLinkExistTest" time="0.737"/>
  <testcase classname="com.qa.opencart.tests.LoginPageTest" name="loginTest" time="3.806"/>
</testsuite> <!-- com.qa.opencart.tests.LoginPageTest -->
