<?xml version="1.0" encoding="UTF-8"?>
<!-- Generated by org.testng.reporters.JUnitReportReporter -->
<testsuite hostname="Deblenovo" failures="0" tests="4" name="com.qa.opencart.tests.LoginPageTest" time="2.255" errors="0" timestamp="2025-03-16T07:27:50 CET" skipped="0">
  <testcase classname="com.qa.opencart.tests.LoginPageTest" name="LoginPageURLTest" time="0.025"/>
  <testcase classname="com.qa.opencart.tests.LoginPageTest" name="LoginTitleTest" time="0.026"/>
  <testcase classname="com.qa.opencart.tests.LoginPageTest" name="forgotPwdLinkExistTest" time="0.093"/>
  <testcase classname="com.qa.opencart.tests.LoginPageTest" name="loginTest" time="2.111"/>
</testsuite> <!-- com.qa.opencart.tests.LoginPageTest -->
