<?xml version="1.0" encoding="UTF-8"?>
<!-- Generated by org.testng.reporters.JUnitReportReporter -->
<testsuite hostname="Deblenovo" failures="0" tests="9" name="com.qa.opencart.tests.ProductInfoPageTest" time="44.166" errors="0" timestamp="2025-03-16T07:27:50 CET" skipped="0">
  <testcase classname="com.qa.opencart.tests.ProductInfoPageTest" name="productSearchHeaderTest" time="4.827"/>
  <testcase classname="com.qa.opencart.tests.ProductInfoPageTest" name="productImagesCountTest" time="5.430"/>
  <testcase classname="com.qa.opencart.tests.ProductInfoPageTest" name="productInfoTest" time="3.183"/>
  <testcase classname="com.qa.opencart.tests.ProductInfoPageTest" name="productSearchHeaderTest" time="4.829"/>
  <testcase classname="com.qa.opencart.tests.ProductInfoPageTest" name="productImagesCountTest" time="5.502"/>
  <testcase classname="com.qa.opencart.tests.ProductInfoPageTest" name="productImagesCountTest" time="5.077"/>
  <testcase classname="com.qa.opencart.tests.ProductInfoPageTest" name="productSearchHeaderTest" time="4.954"/>
  <testcase classname="com.qa.opencart.tests.ProductInfoPageTest" name="productImagesCountTest" time="5.462"/>
  <testcase classname="com.qa.opencart.tests.ProductInfoPageTest" name="productSearchHeaderTest" time="4.902"/>
</testsuite> <!-- com.qa.opencart.tests.ProductInfoPageTest -->
